<?xml version="1.0" encoding="UTF-8"?>
<testsuite xmlns:xsi="http://www.w3.org/2001/XMLSchema-instance" xsi:noNamespaceSchemaLocation="https://maven.apache.org/surefire/maven-surefire-plugin/xsd/surefire-test-report-3.0.xsd" version="3.0" name="com.example.controller.BudgetControllerValidationTest" time="0.048" tests="13" errors="0" skipped="0" failures="0">
  <properties>
[...]
</properties>
  <testcase name="TC03_validateInputSuaNganSach_gioiHanBangKhong" classname="com.example.controller.BudgetControllerValidationTest" time="0.011"/>
  <testcase name="TC01_validateInputSuaNganSach_gioiHanRong" classname="com.example.controller.BudgetControllerValidationTest" time="0.0"/>
  <testcase name="TC11_validateInputChonNganSach_chuaChonVaXoa" classname="com.example.controller.BudgetControllerValidationTest" time="0.0"/>
  <testcase name="TC04_validateInputSuaNganSach_gioiHanQuaLon" classname="com.example.controller.BudgetControllerValidationTest" time="0.0"/>
  <testcase name="TC07_validateInputThemNganSach_thangKhongHopLe" classname="com.example.controller.BudgetControllerValidationTest" time="0.0"/>
  <testcase name="TC09_validateInputThemNganSach_nganSachDaTonTai" classname="com.example.controller.BudgetControllerValidationTest" time="0.03"/>
  <testcase name="TC10_validateInputThemNganSach_hopLe" classname="com.example.controller.BudgetControllerValidationTest" time="0.0"/>
  <testcase name="TC08_validateInputThemNganSach_gioiHanBangKhong" classname="com.example.controller.BudgetControllerValidationTest" time="0.0"/>
  <testcase name="TC06_validateInputThemNganSach_thieuDanhMuc" classname="com.example.controller.BudgetControllerValidationTest" time="0.0"/>
  <testcase name="TC12_validateInputChonNganSach_chuaChonVaSua" classname="com.example.controller.BudgetControllerValidationTest" time="0.0"/>
  <testcase name="TC02_validateInputSuaNganSach_toanDauCham" classname="com.example.controller.BudgetControllerValidationTest" time="0.001"/>
  <testcase name="TC13_validateInputChonNganSach_hopLe" classname="com.example.controller.BudgetControllerValidationTest" time="0.001"/>
  <testcase name="TC05_validateInputSuaNganSach_hopLe" classname="com.example.controller.BudgetControllerValidationTest" time="0.0"/>
</testsuite>